<?xml version="1.0" encoding="UTF-8"?>
<coverage generated="1743689325584" clover="3.2.0">
  <project timestamp="1743689325584" name="All files">
    <metrics statements="33" coveredstatements="33" conditionals="9" coveredconditionals="9" methods="10" coveredmethods="10" elements="52" coveredelements="52" complexity="0" loc="33" ncloc="33" packages="2" files="3" classes="3"/>
    <package name="models">
      <metrics statements="4" coveredstatements="4" conditionals="2" coveredconditionals="2" methods="1" coveredmethods="1"/>
      <file name="payment.model.ts" path="/Users/nals_macbook_280/Projects/front-end-unitest/src/models/payment.model.ts">
        <metrics statements="4" coveredstatements="4" conditionals="2" coveredconditionals="2" methods="1" coveredmethods="1"/>
        <line num="1" count="2" type="cond" truecount="2" falsecount="0"/>
        <line num="2" count="2" type="stmt"/>
        <line num="3" count="2" type="stmt"/>
        <line num="4" count="2" type="stmt"/>
      </file>
    </package>
    <package name="services">
      <metrics statements="29" coveredstatements="29" conditionals="7" coveredconditionals="7" methods="9" coveredmethods="9"/>
      <file name="order.service.ts" path="/Users/nals_macbook_280/Projects/front-end-unitest/src/services/order.service.ts">
        <metrics statements="20" coveredstatements="20" conditionals="7" coveredconditionals="7" methods="4" coveredmethods="4"/>
        <line num="4" count="1" type="stmt"/>
        <line num="5" count="8" type="stmt"/>
        <line num="8" count="8" type="cond" truecount="1" falsecount="0"/>
        <line num="9" count="1" type="stmt"/>
        <line num="12" count="10" type="cond" truecount="3" falsecount="0"/>
        <line num="13" count="2" type="stmt"/>
        <line num="16" count="5" type="stmt"/>
        <line num="17" count="6" type="stmt"/>
        <line num="21" count="5" type="cond" truecount="1" falsecount="0"/>
        <line num="22" count="3" type="stmt"/>
        <line num="25" count="3" type="stmt"/>
        <line num="27" count="3" type="cond" truecount="1" falsecount="0"/>
        <line num="28" count="1" type="stmt"/>
        <line num="31" count="2" type="stmt"/>
        <line num="33" count="2" type="cond" truecount="1" falsecount="0"/>
        <line num="34" count="1" type="stmt"/>
        <line num="38" count="4" type="stmt"/>
        <line num="44" count="4" type="stmt"/>
        <line num="53" count="4" type="stmt"/>
        <line num="55" count="4" type="stmt"/>
      </file>
      <file name="payment.service.ts" path="/Users/nals_macbook_280/Projects/front-end-unitest/src/services/payment.service.ts">
        <metrics statements="9" coveredstatements="9" conditionals="0" coveredconditionals="0" methods="5" coveredmethods="5"/>
        <line num="1" count="1" type="stmt"/>
        <line num="9" count="1" type="stmt"/>
        <line num="10" count="9" type="stmt"/>
        <line num="17" count="6" type="stmt"/>
        <line num="19" count="6" type="stmt"/>
        <line num="20" count="18" type="stmt"/>
        <line num="21" count="14" type="stmt"/>
        <line num="23" count="6" type="stmt"/>
        <line num="27" count="3" type="stmt"/>
      </file>
    </package>
  </project>
</coverage>
