{"/Users/nals_macbook_280/Projects/front-end-unitest/src/models/payment.model.ts": {"path":"/Users/nals_macbook_280/Projects/front-end-unitest/src/models/payment.model.ts","statementMap":{"0":{"start":{"line":1,"column":0},"end":{"line":1,"column":null}},"1":{"start":{"line":2,"column":2},"end":{"line":2,"column":null}},"2":{"start":{"line":3,"column":2},"end":{"line":3,"column":null}},"3":{"start":{"line":4,"column":2},"end":{"line":4,"column":null}}},"fnMap":{"0":{"name":"(anonymous_0)","decl":{"start":{"line":1,"column":0},"end":{"line":1,"column":12}},"loc":{"start":{"line":1,"column":25},"end":{"line":5,"column":1}}}},"branchMap":{"0":{"loc":{"start":{"line":1,"column":12},"end":{"line":1,"column":null}},"type":"binary-expr","locations":[{"start":{"line":1,"column":12},"end":{"line":1,"column":25}},{"start":{"line":1,"column":25},"end":{"line":1,"column":null}}]}},"s":{"0":2,"1":2,"2":2,"3":2},"f":{"0":2},"b":{"0":[2,2]}}
,"/Users/nals_macbook_280/Projects/front-end-unitest/src/services/order.service.ts": {"path":"/Users/nals_macbook_280/Projects/front-end-unitest/src/services/order.service.ts","statementMap":{"0":{"start":{"line":5,"column":14},"end":{"line":5,"column":64}},"1":{"start":{"line":8,"column":4},"end":{"line":10,"column":5}},"2":{"start":{"line":9,"column":6},"end":{"line":9,"column":50}},"3":{"start":{"line":12,"column":4},"end":{"line":14,"column":5}},"4":{"start":{"line":12,"column":35},"end":{"line":12,"column":72}},"5":{"start":{"line":13,"column":6},"end":{"line":13,"column":49}},"6":{"start":{"line":16,"column":21},"end":{"line":18,"column":null}},"7":{"start":{"line":17,"column":21},"end":{"line":17,"column":53}},"8":{"start":{"line":21,"column":4},"end":{"line":36,"column":5}},"9":{"start":{"line":22,"column":23},"end":{"line":23,"column":null}},"10":{"start":{"line":25,"column":21},"end":{"line":25,"column":42}},"11":{"start":{"line":27,"column":6},"end":{"line":29,"column":7}},"12":{"start":{"line":28,"column":8},"end":{"line":28,"column":42}},"13":{"start":{"line":31,"column":6},"end":{"line":31,"column":36}},"14":{"start":{"line":33,"column":6},"end":{"line":35,"column":7}},"15":{"start":{"line":34,"column":8},"end":{"line":34,"column":23}},"16":{"start":{"line":38,"column":25},"end":{"line":42,"column":6}},"17":{"start":{"line":44,"column":26},"end":{"line":50,"column":null}},"18":{"start":{"line":53,"column":25},"end":{"line":53,"column":51}},"19":{"start":{"line":55,"column":4},"end":{"line":55,"column":49}},"20":{"start":{"line":4,"column":0},"end":{"line":4,"column":13}}},"fnMap":{"0":{"name":"(anonymous_0)","decl":{"start":{"line":5,"column":2},"end":{"line":5,"column":14}},"loc":{"start":{"line":5,"column":61},"end":{"line":5,"column":65}}},"1":{"name":"(anonymous_1)","decl":{"start":{"line":7,"column":2},"end":{"line":7,"column":7}},"loc":{"start":{"line":7,"column":37},"end":{"line":56,"column":3}}},"2":{"name":"(anonymous_2)","decl":{"start":{"line":12,"column":25},"end":{"line":12,"column":26}},"loc":{"start":{"line":12,"column":35},"end":{"line":12,"column":72}}},"3":{"name":"(anonymous_3)","decl":{"start":{"line":17,"column":6},"end":{"line":17,"column":7}},"loc":{"start":{"line":17,"column":21},"end":{"line":17,"column":53}}}},"branchMap":{"0":{"loc":{"start":{"line":8,"column":4},"end":{"line":10,"column":5}},"type":"if","locations":[{"start":{"line":8,"column":4},"end":{"line":10,"column":5}}]},"1":{"loc":{"start":{"line":12,"column":4},"end":{"line":14,"column":5}},"type":"if","locations":[{"start":{"line":12,"column":4},"end":{"line":14,"column":5}}]},"2":{"loc":{"start":{"line":12,"column":35},"end":{"line":12,"column":72}},"type":"binary-expr","locations":[{"start":{"line":12,"column":35},"end":{"line":12,"column":50}},{"start":{"line":12,"column":54},"end":{"line":12,"column":72}}]},"3":{"loc":{"start":{"line":21,"column":4},"end":{"line":36,"column":5}},"type":"if","locations":[{"start":{"line":21,"column":4},"end":{"line":36,"column":5}}]},"4":{"loc":{"start":{"line":27,"column":6},"end":{"line":29,"column":7}},"type":"if","locations":[{"start":{"line":27,"column":6},"end":{"line":29,"column":7}}]},"5":{"loc":{"start":{"line":33,"column":6},"end":{"line":35,"column":7}},"type":"if","locations":[{"start":{"line":33,"column":6},"end":{"line":35,"column":7}}]}},"s":{"0":8,"1":8,"2":1,"3":7,"4":10,"5":2,"6":5,"7":6,"8":5,"9":3,"10":3,"11":3,"12":1,"13":2,"14":2,"15":1,"16":4,"17":4,"18":4,"19":4,"20":1},"f":{"0":8,"1":8,"2":10,"3":6},"b":{"0":[1],"1":[2],"2":[10,9],"3":[3],"4":[1],"5":[1]}}
,"/Users/nals_macbook_280/Projects/front-end-unitest/src/services/payment.service.ts": {"path":"/Users/nals_macbook_280/Projects/front-end-unitest/src/services/payment.service.ts","statementMap":{"0":{"start":{"line":1,"column":0},"end":{"line":1,"column":56}},"1":{"start":{"line":10,"column":19},"end":{"line":14,"column":null}},"2":{"start":{"line":17,"column":18},"end":{"line":17,"column":41}},"3":{"start":{"line":19,"column":29},"end":{"line":21,"column":31}},"4":{"start":{"line":20,"column":22},"end":{"line":20,"column":45}},"5":{"start":{"line":21,"column":19},"end":{"line":21,"column":30}},"6":{"start":{"line":23,"column":4},"end":{"line":23,"column":38}},"7":{"start":{"line":27,"column":4},"end":{"line":27,"column":81}},"8":{"start":{"line":9,"column":0},"end":{"line":9,"column":13}}},"fnMap":{"0":{"name":"(anonymous_0)","decl":{"start":{"line":9,"column":0},"end":{"line":9,"column":13}},"loc":{"start":{"line":9,"column":0},"end":{"line":29,"column":1}}},"1":{"name":"(anonymous_1)","decl":{"start":{"line":16,"column":2},"end":{"line":16,"column":20}},"loc":{"start":{"line":16,"column":39},"end":{"line":24,"column":3}}},"2":{"name":"(anonymous_2)","decl":{"start":{"line":20,"column":14},"end":{"line":20,"column":18}},"loc":{"start":{"line":20,"column":22},"end":{"line":20,"column":45}}},"3":{"name":"(anonymous_3)","decl":{"start":{"line":21,"column":11},"end":{"line":21,"column":15}},"loc":{"start":{"line":21,"column":19},"end":{"line":21,"column":30}}},"4":{"name":"(anonymous_4)","decl":{"start":{"line":26,"column":2},"end":{"line":26,"column":7}},"loc":{"start":{"line":26,"column":31},"end":{"line":28,"column":3}}}},"branchMap":{},"s":{"0":1,"1":9,"2":6,"3":6,"4":18,"5":14,"6":6,"7":3,"8":1},"f":{"0":9,"1":6,"2":18,"3":14,"4":3},"b":{}}
}
