{"/Users/nals_macbook_303/Documents/NALS/04.Learning/unit-test/huybq/front-end-unitest/src/counter.ts": {"path":"/Users/nals_macbook_303/Documents/NALS/04.Learning/unit-test/huybq/front-end-unitest/src/counter.ts","all":false,"statementMap":{"0":{"start":{"line":1,"column":0},"end":{"line":1,"column":58}},"1":{"start":{"line":2,"column":0},"end":{"line":2,"column":17}},"2":{"start":{"line":3,"column":0},"end":{"line":3,"column":41}},"3":{"start":{"line":4,"column":0},"end":{"line":4,"column":19}},"4":{"start":{"line":5,"column":0},"end":{"line":5,"column":45}},"5":{"start":{"line":6,"column":0},"end":{"line":6,"column":3}},"6":{"start":{"line":7,"column":0},"end":{"line":7,"column":66}},"7":{"start":{"line":8,"column":0},"end":{"line":8,"column":15}},"8":{"start":{"line":9,"column":0},"end":{"line":9,"column":1}}},"s":{"0":1,"1":4,"2":4,"3":7,"4":7,"5":7,"6":4,"7":4,"8":4},"branchMap":{"0":{"type":"branch","line":1,"loc":{"start":{"line":1,"column":7},"end":{"line":9,"column":1}},"locations":[{"start":{"line":1,"column":7},"end":{"line":9,"column":1}}]},"1":{"type":"branch","line":3,"loc":{"start":{"line":3,"column":21},"end":{"line":6,"column":3}},"locations":[{"start":{"line":3,"column":21},"end":{"line":6,"column":3}}]},"2":{"type":"branch","line":7,"loc":{"start":{"line":7,"column":36},"end":{"line":7,"column":65}},"locations":[{"start":{"line":7,"column":36},"end":{"line":7,"column":65}}]}},"b":{"0":[4],"1":[7],"2":[3]},"fnMap":{"0":{"name":"setupCounter","decl":{"start":{"line":1,"column":7},"end":{"line":9,"column":1}},"loc":{"start":{"line":1,"column":7},"end":{"line":9,"column":1}},"line":1},"1":{"name":"setCounter","decl":{"start":{"line":3,"column":21},"end":{"line":6,"column":3}},"loc":{"start":{"line":3,"column":21},"end":{"line":6,"column":3}},"line":3}},"f":{"0":4,"1":7}}
,"/Users/nals_macbook_303/Documents/NALS/04.Learning/unit-test/huybq/front-end-unitest/src/main.ts": {"path":"/Users/nals_macbook_303/Documents/NALS/04.Learning/unit-test/huybq/front-end-unitest/src/main.ts","all":true,"statementMap":{"0":{"start":{"line":1,"column":0},"end":{"line":1,"column":20}},"1":{"start":{"line":2,"column":0},"end":{"line":2,"column":45}},"2":{"start":{"line":3,"column":0},"end":{"line":3,"column":32}},"3":{"start":{"line":4,"column":0},"end":{"line":4,"column":43}},"5":{"start":{"line":6,"column":0},"end":{"line":6,"column":61}},"8":{"start":{"line":9,"column":0},"end":{"line":9,"column":60}},"11":{"start":{"line":12,"column":0},"end":{"line":12,"column":80}},"23":{"start":{"line":24,"column":0},"end":{"line":24,"column":68}}},"s":{"0":0,"1":0,"2":0,"3":0,"5":0,"8":0,"11":0,"23":0},"branchMap":{"0":{"type":"branch","line":1,"loc":{"start":{"line":1,"column":0},"end":{"line":24,"column":-236}},"locations":[{"start":{"line":1,"column":0},"end":{"line":24,"column":-236}}]}},"b":{"0":[0]},"fnMap":{"0":{"name":"(empty-report)","decl":{"start":{"line":1,"column":0},"end":{"line":24,"column":-236}},"loc":{"start":{"line":1,"column":0},"end":{"line":24,"column":-236}},"line":1}},"f":{"0":0}}
,"/Users/nals_macbook_303/Documents/NALS/04.Learning/unit-test/huybq/front-end-unitest/src/models/order.model.ts": {"path":"/Users/nals_macbook_303/Documents/NALS/04.Learning/unit-test/huybq/front-end-unitest/src/models/order.model.ts","all":true,"statementMap":{},"s":{},"branchMap":{"0":{"type":"branch","line":1,"loc":{"start":{"line":1,"column":291},"end":{"line":16,"column":1}},"locations":[{"start":{"line":1,"column":291},"end":{"line":16,"column":1}}]}},"b":{"0":[1]},"fnMap":{"0":{"name":"(empty-report)","decl":{"start":{"line":1,"column":291},"end":{"line":16,"column":1}},"loc":{"start":{"line":1,"column":291},"end":{"line":16,"column":1}},"line":1}},"f":{"0":1}}
,"/Users/nals_macbook_303/Documents/NALS/04.Learning/unit-test/huybq/front-end-unitest/src/models/payment.model.ts": {"path":"/Users/nals_macbook_303/Documents/NALS/04.Learning/unit-test/huybq/front-end-unitest/src/models/payment.model.ts","all":false,"statementMap":{"0":{"start":{"line":1,"column":0},"end":{"line":1,"column":27}},"1":{"start":{"line":2,"column":0},"end":{"line":2,"column":20}},"2":{"start":{"line":3,"column":0},"end":{"line":3,"column":20}},"3":{"start":{"line":4,"column":0},"end":{"line":4,"column":18}}},"s":{"0":1,"1":1,"2":1,"3":1},"branchMap":{"0":{"type":"branch","line":1,"loc":{"start":{"line":1,"column":7},"end":{"line":1,"column":27}},"locations":[{"start":{"line":1,"column":7},"end":{"line":1,"column":27}}]}},"b":{"0":[1]},"fnMap":{},"f":{}}
,"/Users/nals_macbook_303/Documents/NALS/04.Learning/unit-test/huybq/front-end-unitest/src/services/order.service.ts": {"path":"/Users/nals_macbook_303/Documents/NALS/04.Learning/unit-test/huybq/front-end-unitest/src/services/order.service.ts","all":false,"statementMap":{"5":{"start":{"line":6,"column":0},"end":{"line":6,"column":27}},"6":{"start":{"line":7,"column":0},"end":{"line":7,"column":65}},"8":{"start":{"line":9,"column":0},"end":{"line":9,"column":47}},"9":{"start":{"line":10,"column":0},"end":{"line":10,"column":100}},"10":{"start":{"line":11,"column":0},"end":{"line":11,"column":41}},"12":{"start":{"line":13,"column":0},"end":{"line":13,"column":18}},"13":{"start":{"line":14,"column":0},"end":{"line":14,"column":40}},"14":{"start":{"line":15,"column":0},"end":{"line":15,"column":5}},"16":{"start":{"line":17,"column":0},"end":{"line":17,"column":18}},"17":{"start":{"line":18,"column":0},"end":{"line":18,"column":3}},"19":{"start":{"line":20,"column":0},"end":{"line":20,"column":57}},"20":{"start":{"line":21,"column":0},"end":{"line":21,"column":92}},"21":{"start":{"line":22,"column":0},"end":{"line":22,"column":21}},"22":{"start":{"line":23,"column":0},"end":{"line":23,"column":41}},"23":{"start":{"line":24,"column":0},"end":{"line":24,"column":53}},"24":{"start":{"line":25,"column":0},"end":{"line":25,"column":7}},"26":{"start":{"line":27,"column":0},"end":{"line":27,"column":52}},"27":{"start":{"line":28,"column":0},"end":{"line":28,"column":24}},"28":{"start":{"line":29,"column":0},"end":{"line":29,"column":3}},"30":{"start":{"line":31,"column":0},"end":{"line":31,"column":40}},"31":{"start":{"line":32,"column":0},"end":{"line":32,"column":31}},"32":{"start":{"line":33,"column":0},"end":{"line":33,"column":50}},"33":{"start":{"line":34,"column":0},"end":{"line":34,"column":5}},"35":{"start":{"line":36,"column":0},"end":{"line":36,"column":74}},"36":{"start":{"line":37,"column":0},"end":{"line":37,"column":49}},"37":{"start":{"line":38,"column":0},"end":{"line":38,"column":5}},"39":{"start":{"line":40,"column":0},"end":{"line":40,"column":92}},"41":{"start":{"line":42,"column":0},"end":{"line":42,"column":25}},"42":{"start":{"line":43,"column":0},"end":{"line":43,"column":68}},"44":{"start":{"line":45,"column":0},"end":{"line":45,"column":20}},"45":{"start":{"line":46,"column":0},"end":{"line":46,"column":42}},"46":{"start":{"line":47,"column":0},"end":{"line":47,"column":7}},"48":{"start":{"line":49,"column":0},"end":{"line":49,"column":36}},"50":{"start":{"line":51,"column":0},"end":{"line":51,"column":27}},"51":{"start":{"line":52,"column":0},"end":{"line":52,"column":23}},"52":{"start":{"line":53,"column":0},"end":{"line":53,"column":7}},"53":{"start":{"line":54,"column":0},"end":{"line":54,"column":5}},"55":{"start":{"line":56,"column":0},"end":{"line":56,"column":26}},"56":{"start":{"line":57,"column":0},"end":{"line":57,"column":15}},"57":{"start":{"line":58,"column":0},"end":{"line":58,"column":17}},"58":{"start":{"line":59,"column":0},"end":{"line":59,"column":89}},"59":{"start":{"line":60,"column":0},"end":{"line":60,"column":6}},"61":{"start":{"line":62,"column":0},"end":{"line":62,"column":68}},"62":{"start":{"line":63,"column":0},"end":{"line":63,"column":49}},"64":{"start":{"line":65,"column":0},"end":{"line":65,"column":24}},"65":{"start":{"line":66,"column":0},"end":{"line":66,"column":3}},"66":{"start":{"line":67,"column":0},"end":{"line":67,"column":1}}},"s":{"5":1,"6":1,"8":1,"9":2,"10":2,"12":2,"13":1,"14":1,"16":1,"17":2,"19":1,"20":1,"21":1,"22":1,"23":1,"24":1,"26":1,"27":1,"28":1,"30":1,"31":6,"32":1,"33":1,"35":6,"36":2,"37":2,"39":3,"41":3,"42":3,"44":3,"45":1,"46":1,"48":2,"50":3,"51":1,"52":1,"53":3,"55":2,"56":2,"57":2,"58":2,"59":2,"61":2,"62":2,"64":2,"65":6,"66":1},"branchMap":{"0":{"type":"branch","line":7,"loc":{"start":{"line":7,"column":2},"end":{"line":7,"column":65}},"locations":[{"start":{"line":7,"column":2},"end":{"line":7,"column":65}}]},"1":{"type":"branch","line":9,"loc":{"start":{"line":9,"column":2},"end":{"line":18,"column":3}},"locations":[{"start":{"line":9,"column":2},"end":{"line":18,"column":3}}]},"2":{"type":"branch","line":13,"loc":{"start":{"line":13,"column":17},"end":{"line":17,"column":18}},"locations":[{"start":{"line":13,"column":17},"end":{"line":17,"column":18}}]},"3":{"type":"branch","line":20,"loc":{"start":{"line":20,"column":2},"end":{"line":29,"column":3}},"locations":[{"start":{"line":20,"column":2},"end":{"line":29,"column":3}}]},"4":{"type":"branch","line":31,"loc":{"start":{"line":31,"column":2},"end":{"line":66,"column":3}},"locations":[{"start":{"line":31,"column":2},"end":{"line":66,"column":3}}]},"5":{"type":"branch","line":32,"loc":{"start":{"line":32,"column":30},"end":{"line":34,"column":5}},"locations":[{"start":{"line":32,"column":30},"end":{"line":34,"column":5}}]},"6":{"type":"branch","line":34,"loc":{"start":{"line":34,"column":4},"end":{"line":36,"column":73}},"locations":[{"start":{"line":34,"column":4},"end":{"line":36,"column":73}}]},"7":{"type":"branch","line":36,"loc":{"start":{"line":36,"column":73},"end":{"line":38,"column":5}},"locations":[{"start":{"line":36,"column":73},"end":{"line":38,"column":5}}]},"8":{"type":"branch","line":38,"loc":{"start":{"line":38,"column":4},"end":{"line":54,"column":5}},"locations":[{"start":{"line":38,"column":4},"end":{"line":54,"column":5}}]},"9":{"type":"branch","line":45,"loc":{"start":{"line":45,"column":19},"end":{"line":47,"column":7}},"locations":[{"start":{"line":45,"column":19},"end":{"line":47,"column":7}}]},"10":{"type":"branch","line":47,"loc":{"start":{"line":47,"column":6},"end":{"line":51,"column":26}},"locations":[{"start":{"line":47,"column":6},"end":{"line":51,"column":26}}]},"11":{"type":"branch","line":51,"loc":{"start":{"line":51,"column":26},"end":{"line":53,"column":7}},"locations":[{"start":{"line":51,"column":26},"end":{"line":53,"column":7}}]},"12":{"type":"branch","line":54,"loc":{"start":{"line":54,"column":4},"end":{"line":65,"column":24}},"locations":[{"start":{"line":54,"column":4},"end":{"line":65,"column":24}}]},"13":{"type":"branch","line":36,"loc":{"start":{"line":36,"column":25},"end":{"line":36,"column":70}},"locations":[{"start":{"line":36,"column":25},"end":{"line":36,"column":70}}]},"14":{"type":"branch","line":36,"loc":{"start":{"line":36,"column":47},"end":{"line":36,"column":70}},"locations":[{"start":{"line":36,"column":47},"end":{"line":36,"column":70}}]},"15":{"type":"branch","line":40,"loc":{"start":{"line":40,"column":40},"end":{"line":40,"column":89}},"locations":[{"start":{"line":40,"column":40},"end":{"line":40,"column":89}}]}},"b":{"0":[9],"1":[2],"2":[1],"3":[1],"4":[6],"5":[1],"6":[5],"7":[2],"8":[3],"9":[1],"10":[2],"11":[1],"12":[2],"13":[6],"14":[4],"15":[4]},"fnMap":{"0":{"name":"OrderService","decl":{"start":{"line":7,"column":2},"end":{"line":7,"column":65}},"loc":{"start":{"line":7,"column":2},"end":{"line":7,"column":65}},"line":7},"1":{"name":"getCouponByIdMethod","decl":{"start":{"line":9,"column":2},"end":{"line":18,"column":3}},"loc":{"start":{"line":9,"column":2},"end":{"line":18,"column":3}},"line":9},"2":{"name":"createOrderMethod","decl":{"start":{"line":20,"column":2},"end":{"line":29,"column":3}},"loc":{"start":{"line":20,"column":2},"end":{"line":29,"column":3}},"line":20},"3":{"name":"process","decl":{"start":{"line":31,"column":2},"end":{"line":66,"column":3}},"loc":{"start":{"line":31,"column":2},"end":{"line":66,"column":3}},"line":31}},"f":{"0":9,"1":2,"2":1,"3":6}}
,"/Users/nals_macbook_303/Documents/NALS/04.Learning/unit-test/huybq/front-end-unitest/src/services/payment.service.ts": {"path":"/Users/nals_macbook_303/Documents/NALS/04.Learning/unit-test/huybq/front-end-unitest/src/services/payment.service.ts","all":false,"statementMap":{"0":{"start":{"line":1,"column":0},"end":{"line":1,"column":56}},"8":{"start":{"line":9,"column":0},"end":{"line":9,"column":29}},"9":{"start":{"line":10,"column":0},"end":{"line":10,"column":38}},"10":{"start":{"line":11,"column":0},"end":{"line":11,"column":25}},"11":{"start":{"line":12,"column":0},"end":{"line":12,"column":25}},"12":{"start":{"line":13,"column":0},"end":{"line":13,"column":24}},"13":{"start":{"line":14,"column":0},"end":{"line":14,"column":4}},"15":{"start":{"line":16,"column":0},"end":{"line":16,"column":59}},"17":{"start":{"line":18,"column":0},"end":{"line":18,"column":50}},"18":{"start":{"line":19,"column":0},"end":{"line":19,"column":31}},"19":{"start":{"line":20,"column":0},"end":{"line":20,"column":61}},"20":{"start":{"line":21,"column":0},"end":{"line":21,"column":17}},"21":{"start":{"line":22,"column":0},"end":{"line":22,"column":3}},"23":{"start":{"line":24,"column":0},"end":{"line":24,"column":75}},"24":{"start":{"line":25,"column":0},"end":{"line":25,"column":58}},"25":{"start":{"line":26,"column":0},"end":{"line":26,"column":47}},"26":{"start":{"line":27,"column":0},"end":{"line":27,"column":38}},"27":{"start":{"line":28,"column":0},"end":{"line":28,"column":37}},"28":{"start":{"line":29,"column":0},"end":{"line":29,"column":6}},"30":{"start":{"line":31,"column":0},"end":{"line":31,"column":33}},"31":{"start":{"line":32,"column":0},"end":{"line":32,"column":49}},"32":{"start":{"line":33,"column":0},"end":{"line":33,"column":3}},"34":{"start":{"line":35,"column":0},"end":{"line":35,"column":49}},"35":{"start":{"line":36,"column":0},"end":{"line":36,"column":43}},"36":{"start":{"line":37,"column":0},"end":{"line":37,"column":3}},"37":{"start":{"line":38,"column":0},"end":{"line":38,"column":1}}},"s":{"0":1,"8":1,"9":2,"10":2,"11":2,"12":2,"13":2,"15":2,"17":2,"18":4,"19":4,"20":4,"21":4,"23":2,"24":12,"25":12,"26":12,"27":12,"28":12,"30":12,"31":12,"32":12,"34":2,"35":1,"36":1,"37":2},"branchMap":{"0":{"type":"branch","line":9,"loc":{"start":{"line":9,"column":7},"end":{"line":38,"column":1}},"locations":[{"start":{"line":9,"column":7},"end":{"line":38,"column":1}}]},"1":{"type":"branch","line":16,"loc":{"start":{"line":16,"column":2},"end":{"line":16,"column":59}},"locations":[{"start":{"line":16,"column":2},"end":{"line":16,"column":59}}]},"2":{"type":"branch","line":18,"loc":{"start":{"line":18,"column":2},"end":{"line":22,"column":3}},"locations":[{"start":{"line":18,"column":2},"end":{"line":22,"column":3}}]},"3":{"type":"branch","line":20,"loc":{"start":{"line":20,"column":14},"end":{"line":20,"column":60}},"locations":[{"start":{"line":20,"column":14},"end":{"line":20,"column":60}}]},"4":{"type":"branch","line":24,"loc":{"start":{"line":24,"column":10},"end":{"line":33,"column":3}},"locations":[{"start":{"line":24,"column":10},"end":{"line":33,"column":3}}]},"5":{"type":"branch","line":32,"loc":{"start":{"line":32,"column":21},"end":{"line":32,"column":49}},"locations":[{"start":{"line":32,"column":21},"end":{"line":32,"column":49}}]},"6":{"type":"branch","line":35,"loc":{"start":{"line":35,"column":2},"end":{"line":37,"column":3}},"locations":[{"start":{"line":35,"column":2},"end":{"line":37,"column":3}}]}},"b":{"0":[2],"1":[2],"2":[4],"3":[12],"4":[12],"5":[8],"6":[1]},"fnMap":{"0":{"name":"<instance_members_initializer>","decl":{"start":{"line":9,"column":7},"end":{"line":38,"column":1}},"loc":{"start":{"line":9,"column":7},"end":{"line":38,"column":1}},"line":9},"1":{"name":"PaymentService","decl":{"start":{"line":16,"column":2},"end":{"line":16,"column":59}},"loc":{"start":{"line":16,"column":2},"end":{"line":16,"column":59}},"line":16},"2":{"name":"buildPaymentMethod","decl":{"start":{"line":18,"column":2},"end":{"line":22,"column":3}},"loc":{"start":{"line":18,"column":2},"end":{"line":22,"column":3}},"line":18},"3":{"name":"isAvailable","decl":{"start":{"line":24,"column":10},"end":{"line":33,"column":3}},"loc":{"start":{"line":24,"column":10},"end":{"line":33,"column":3}},"line":24},"4":{"name":"payViaLink","decl":{"start":{"line":35,"column":2},"end":{"line":37,"column":3}},"loc":{"start":{"line":35,"column":2},"end":{"line":37,"column":3}},"line":35}},"f":{"0":2,"1":2,"2":4,"3":12,"4":1}}
}
