TN:
SF:src/models/payment.model.ts
FN:1,(anonymous_0)
FNF:1
FNH:1
FNDA:2,(anonymous_0)
DA:1,2
DA:2,2
DA:3,2
DA:4,2
LF:4
LH:4
BRDA:1,0,0,2
BRDA:1,0,1,2
BRF:2
BRH:2
end_of_record
TN:
SF:src/services/order.service.ts
FN:5,(anonymous_0)
FN:7,(anonymous_1)
FN:12,(anonymous_2)
FN:17,(anonymous_3)
FNF:4
FNH:4
FNDA:8,(anonymous_0)
FNDA:8,(anonymous_1)
FNDA:10,(anonymous_2)
FNDA:6,(anonymous_3)
DA:4,1
DA:5,8
DA:8,8
DA:9,1
DA:12,10
DA:13,2
DA:16,5
DA:17,6
DA:21,5
DA:22,3
DA:25,3
DA:27,3
DA:28,1
DA:31,2
DA:33,2
DA:34,1
DA:38,4
DA:44,4
DA:53,4
DA:55,4
LF:20
LH:20
BRDA:8,0,0,1
BRDA:12,1,0,2
BRDA:12,2,0,10
BRDA:12,2,1,9
BRDA:21,3,0,3
BRDA:27,4,0,1
BRDA:33,5,0,1
BRF:7
BRH:7
end_of_record
TN:
SF:src/services/payment.service.ts
FN:9,(anonymous_0)
FN:16,(anonymous_1)
FN:20,(anonymous_2)
FN:21,(anonymous_3)
FN:26,(anonymous_4)
FNF:5
FNH:5
FNDA:9,(anonymous_0)
FNDA:6,(anonymous_1)
FNDA:18,(anonymous_2)
FNDA:14,(anonymous_3)
FNDA:3,(anonymous_4)
DA:1,1
DA:9,1
DA:10,9
DA:17,6
DA:19,6
DA:20,18
DA:21,14
DA:23,6
DA:27,3
LF:9
LH:9
BRF:0
BRH:0
end_of_record
